{
    "compilerOptions": {
        "target": "es2020",
        "module": "commonjs",
        "moduleResolution": "node10",
        "outDir": "./dist",
        "rootDir": "./src",
        "baseUrl": "./",
        "paths": {
            "@shared/*": [
                "../../dist/libs/shared/*"
            ]
        },
        "experimentalDecorators": true,
        "emitDecoratorMetadata": true,
        "useDefineForClassFields": false,
        "esModuleInterop": true,
        "resolveJsonModule": true,
        "skipLibCheck": true,
        "declaration": false,
        "sourceMap": false,
        "allowSyntheticDefaultImports": true
    },
    "files": [
        "./src/mail-queue.ts",
        "./src/mailer.ts",
        "./src/main.ts",
        "./src/app/app.controller.ts",
        "./src/app/app.module.ts",
        "./src/app/app.service.ts",
        "./src/app/auth/auth.controller.ts",
        "./src/app/auth/auth.module.ts",
        "./src/app/auth/auth.services.ts",
        "./src/app/cours/cours.controller.ts",
        "./src/app/cours/cours.module.ts",
        "./src/app/cours/cours.services.ts",
        "./src/app/cours_prof/cours_prof.controller.ts",
        "./src/app/cours_prof/cours_prof.module.ts",
        "./src/app/cours_prof/cours_prof.services.ts",
        "./src/app/document/document.controller.ts",
        "./src/app/document/document.module.ts",
        "./src/app/document/document.services.ts",
        "./src/app/groupe/groupe.controller.ts",
        "./src/app/groupe/groupe.module.ts",
        "./src/app/groupe/groupe.service.ts",
        "./src/app/guards/password.guard.ts",
        "./src/app/guards/password.ts",
        "./src/app/inscription_saison/inscription_saison.controller.ts",
        "./src/app/inscription_saison/inscription_saison.module.ts",
        "./src/app/inscription_saison/inscription_saison.services.ts",
        "./src/app/inscription_seance/inscription_seance.controller.ts",
        "./src/app/inscription_seance/inscription_seance.module.ts",
        "./src/app/inscription_seance/inscription_seance.services.ts",
        "./src/app/lieu/lieu.controller.ts",
        "./src/app/lieu/lieu.module.ts",
        "./src/app/lieu/lieu.services.ts",
        "./src/app/mail/mailer.module.ts",
        "./src/app/mail/mailer.service.ts",
        "./src/app/member/member.controller.ts",
        "./src/app/member/member.module.ts",
        "./src/app/member/member.services.ts",
        "./src/app/messages/messages.controller.ts",
        "./src/app/messages/messages.module.ts",
        "./src/app/messages/messages.services.ts",
        "./src/app/prof/prof.controller.ts",
        "./src/app/prof/prof.module.ts",
        "./src/app/prof/prof.services.ts",
        "./src/app/project/project.controller.ts",
        "./src/app/project/project.module.ts",
        "./src/app/project/project.service.ts",
        "./src/app/saison/saison.controller.ts",
        "./src/app/saison/saison.module.ts",
        "./src/app/saison/saison.services.ts",
        "./src/app/seance/seance.controller.ts",
        "./src/app/seance/seance.module.ts",
        "./src/app/seance/seance.services.ts",
        "./src/crud/account.service.ts",
        "./src/crud/course.service.ts",
        "./src/crud/courseprofessor.service.ts",
        "./src/crud/document.service.ts",
        "./src/crud/group.service.ts",
        "./src/crud/inscriptionsaison.service.ts",
        "./src/crud/inscriptionseance.service.ts",
        "./src/crud/linkgroup.service.ts",
        "./src/crud/location.service.ts",
        "./src/crud/person.service.ts",
        "./src/crud/professor.service.ts",
        "./src/crud/professorcontract.service.ts",
        "./src/crud/project.service.ts",
        "./src/crud/seanceprofesseur.service.ts",
        "./src/crud/season.service.ts",
        "./src/crud/session.service.ts",
        "./src/entities/compte.entity.ts",
        "./src/entities/contrat_prof.entity.ts",
        "./src/entities/cours.entity.ts",
        "./src/entities/cours_professeur.entity.ts",
        "./src/entities/document.entity.ts",
        "./src/entities/groupe.entity.ts",
        "./src/entities/inscription-saison.entity.ts",
        "./src/entities/inscription-seance.entity.ts",
        "./src/entities/lien_groupe.entity.ts",
        "./src/entities/lieu.entity.ts",
        "./src/entities/mail-project.entity.ts",
        "./src/entities/mail-record.entity.ts",
        "./src/entities/note.entity.ts",
        "./src/entities/personne.entity.ts",
        "./src/entities/professeur.entity.ts",
        "./src/entities/projet.entity.ts",
        "./src/entities/saison.entity.ts",
        "./src/entities/seance-professeur.entity.ts",
        "./src/entities/seance.entity.ts",
        "./src/types/index.d.ts",
        "./src/utils/crypto.util.ts"
    ],
    "include": [
        "src/**/*.ts"
    ],
    "exclude": [
        "**/*.spec.ts"
    ]
}
